<?xml version="1.0" encoding="utf-8"?><testsuites name="pytest tests"><testsuite name="pytest" errors="0" failures="1" skipped="0" tests="19" time="7.585" timestamp="2026-07-06T10:02:42.807922+00:00" hostname="agent-env-f0a002d4-1d2c-4c54-a432-53914ebc24bb"><testcase classname="tests.backend_test" name="test_root" time="0.137" /><testcase classname="tests.backend_test" name="test_create_enquiry_and_persist" time="0.190" /><testcase classname="tests.backend_test" name="test_create_enquiry_optional_fields" time="0.096" /><testcase classname="tests.backend_test" name="test_create_enquiry_missing_required_field" time="0.105" /><testcase classname="tests.backend_test" name="test_get_enquiries_returns_list" time="0.122" /><testcase classname="tests.test_auth_dashboard" name="test_register_success" time="0.346" /><testcase classname="tests.test_auth_dashboard" name="test_register_duplicate_email" time="0.114" /><testcase classname="tests.test_auth_dashboard" name="test_register_weak_password" time="0.102" /><testcase classname="tests.test_auth_dashboard" name="test_register_short_phone" time="0.095" /><testcase classname="tests.test_auth_dashboard" name="test_login_success" time="0.320" /><testcase classname="tests.test_auth_dashboard" name="test_login_wrong_password" time="0.331" /><testcase classname="tests.test_auth_dashboard" name="test_login_brute_force_lockout" time="2.252"><failure message="AssertionError: Expected 429, got 401: {&quot;detail&quot;:&quot;Invalid email or password&quot;}&#10;assert 401 == 429&#10; +  where 401 = &lt;Response [401]&gt;.status_code">backend/tests/test_auth_dashboard.py:101: in test_login_brute_force_lockout
    assert r6.status_code == 429, f"Expected 429, got {r6.status_code}: {r6.text}"
E   AssertionError: Expected 429, got 401: {"detail":"Invalid email or password"}
E   assert 401 == 429
E    +  where 401 = &lt;Response [401]&gt;.status_code</failure></testcase><testcase classname="tests.test_auth_dashboard" name="test_me_with_cookie" time="0.432" /><testcase classname="tests.test_auth_dashboard" name="test_me_unauthenticated" time="0.101" /><testcase classname="tests.test_auth_dashboard" name="test_dashboard_stats_authenticated" time="0.361" /><testcase classname="tests.test_auth_dashboard" name="test_dashboard_stats_unauthenticated" time="0.115" /><testcase classname="tests.test_auth_dashboard" name="test_logout_clears_cookies" time="0.404" /><testcase classname="tests.test_auth_dashboard" name="test_refresh_issues_new_access_token" time="1.413" /><testcase classname="tests.test_auth_dashboard" name="test_google_session_via_mongo" time="0.427" /></testsuite></testsuites>