<?xml version="1.0" encoding="utf-8"?><testsuites name="pytest tests"><testsuite name="pytest" errors="0" failures="0" skipped="0" tests="5" time="1.379" timestamp="2026-07-03T12:14:00.689155+00:00" hostname="agent-env-f0a002d4-1d2c-4c54-a432-53914ebc24bb"><testcase classname="tests.backend_test" name="test_root" time="0.257" /><testcase classname="tests.backend_test" name="test_create_enquiry_and_persist" time="0.229" /><testcase classname="tests.backend_test" name="test_create_enquiry_optional_fields" time="0.108" /><testcase classname="tests.backend_test" name="test_create_enquiry_missing_required_field" time="0.110" /><testcase classname="tests.backend_test" name="test_get_enquiries_returns_list" time="0.131" /></testsuite></testsuites>